This is pdfTeX, Version 3.14159265-2.6-1.40.19 (MiKTeX 2.9.6630 64-bit) (preloaded format=pdflatex 2018.5.13)  30 OCT 2019 12:29
entering extended mode
**"./Simplical Coverings.tex"
("Simplical Coverings.tex"
LaTeX2e <2017-04-15>
Babel <3.18> and hyphenation patterns for 75 language(s) loaded.

("C:\Users\Frank Murphy\AppData\Local\Programs\MiKTeX 2.9\tex\latex\amscls\amsa
rt.cls"
Document Class: amsart 2017/10/31 v2.20.4
\linespacing=\dimen102
\normalparindent=\dimen103
\normaltopskip=\skip41

("C:\Users\Frank Murphy\AppData\Local\Programs\MiKTeX 2.9\tex\latex\amsmath\ams
math.sty"
Package: amsmath 2017/09/02 v2.17a AMS math features
\@mathmargin=\skip42

For additional information on amsmath, use the `?' option.

("C:\Users\Frank Murphy\AppData\Local\Programs\MiKTeX 2.9\tex\latex\amsmath\ams
text.sty"
Package: amstext 2000/06/29 v2.01 AMS text

("C:\Users\Frank Murphy\AppData\Local\Programs\MiKTeX 2.9\tex\latex\amsmath\ams
gen.sty"
File: amsgen.sty 1999/11/30 v2.0 generic functions
\@emptytoks=\toks14
\ex@=\dimen104
))
("C:\Users\Frank Murphy\AppData\Local\Programs\MiKTeX 2.9\tex\latex\amsmath\ams
bsy.sty"
Package: amsbsy 1999/11/29 v1.2d Bold Symbols
\pmbraise@=\dimen105
)
("C:\Users\Frank Murphy\AppData\Local\Programs\MiKTeX 2.9\tex\latex\amsmath\ams
opn.sty"
Package: amsopn 2016/03/08 v2.02 operator names
)
\inf@bad=\count79
LaTeX Info: Redefining \frac on input line 213.
\uproot@=\count80
\leftroot@=\count81
LaTeX Info: Redefining \overline on input line 375.
\classnum@=\count82
\DOTSCASE@=\count83
LaTeX Info: Redefining \ldots on input line 472.
LaTeX Info: Redefining \dots on input line 475.
LaTeX Info: Redefining \cdots on input line 596.
\Mathstrutbox@=\box26
\strutbox@=\box27
\big@size=\dimen106
LaTeX Font Info:    Redeclaring font encoding OML on input line 712.
LaTeX Font Info:    Redeclaring font encoding OMS on input line 713.
\macc@depth=\count84
\c@MaxMatrixCols=\count85
\dotsspace@=\muskip10
\c@parentequation=\count86
\dspbrk@lvl=\count87
\tag@help=\toks15
\row@=\count88
\column@=\count89
\maxfields@=\count90
\andhelp@=\toks16
\eqnshift@=\dimen107
\alignsep@=\dimen108
\tagshift@=\dimen109
\tagwidth@=\dimen110
\totwidth@=\dimen111
\lineht@=\dimen112
\@envbody=\toks17
\multlinegap=\skip43
\multlinetaggap=\skip44
\mathdisplay@stack=\toks18
LaTeX Info: Redefining \[ on input line 2817.
LaTeX Info: Redefining \] on input line 2818.
)
LaTeX Font Info:    Try loading font information for U+msa on input line 398.

("C:\Users\Frank Murphy\AppData\Local\Programs\MiKTeX 2.9\tex\latex\amsfonts\um
sa.fd"
File: umsa.fd 2013/01/14 v3.01 AMS symbols A
)
("C:\Users\Frank Murphy\AppData\Local\Programs\MiKTeX 2.9\tex\latex\amsfonts\am
sfonts.sty"
Package: amsfonts 2013/01/14 v3.01 Basic AMSFonts support
\symAMSa=\mathgroup4
\symAMSb=\mathgroup5
LaTeX Font Info:    Overwriting math alphabet `\mathfrak' in version `bold'
(Font)                  U/euf/m/n --> U/euf/b/n on input line 106.
)
\copyins=\insert199
\abstractbox=\box28
\listisep=\skip45
\c@part=\count91
\c@section=\count92
\c@subsection=\count93
\c@subsubsection=\count94
\c@paragraph=\count95
\c@subparagraph=\count96
\c@figure=\count97
\c@table=\count98
\abovecaptionskip=\skip46
\belowcaptionskip=\skip47
\captionindent=\dimen113
\thm@style=\toks19
\thm@bodyfont=\toks20
\thm@headfont=\toks21
\thm@notefont=\toks22
\thm@headpunct=\toks23
\thm@preskip=\skip48
\thm@postskip=\skip49
\thm@headsep=\skip50
\dth@everypar=\toks24
)
("C:\Users\Frank Murphy\AppData\Local\Programs\MiKTeX 2.9\tex\latex\lipsum\lips
um.sty"
Package: lipsum 2014/07/27 v1.3 150 paragraphs of Lorem Ipsum dummy text
\c@lips@count=\count99
)
("C:\Users\Frank Murphy\AppData\Local\Programs\MiKTeX 2.9\tex\latex\graphics\gr
aphicx.sty"
Package: graphicx 2017/06/01 v1.1a Enhanced LaTeX Graphics (DPC,SPQR)

("C:\Users\Frank Murphy\AppData\Local\Programs\MiKTeX 2.9\tex\latex\graphics\ke
yval.sty"
Package: keyval 2014/10/28 v1.15 key=value parser (DPC)
\KV@toks@=\toks25
)
("C:\Users\Frank Murphy\AppData\Local\Programs\MiKTeX 2.9\tex\latex\graphics\gr
aphics.sty"
Package: graphics 2017/06/25 v1.2c Standard LaTeX Graphics (DPC,SPQR)

("C:\Users\Frank Murphy\AppData\Local\Programs\MiKTeX 2.9\tex\latex\graphics\tr
ig.sty"
Package: trig 2016/01/03 v1.10 sin cos tan (DPC)
)
("C:\Users\Frank Murphy\AppData\Local\Programs\MiKTeX 2.9\tex\latex\graphics-cf
g\graphics.cfg"
File: graphics.cfg 2016/06/04 v1.11 sample graphics configuration
)
Package graphics Info: Driver file: pdftex.def on input line 99.

("C:\Users\Frank Murphy\AppData\Local\Programs\MiKTeX 2.9\tex\latex\graphics-de
f\pdftex.def"
File: pdftex.def 2018/01/08 v1.0l Graphics/color driver for pdftex
))
\Gin@req@height=\dimen114
\Gin@req@width=\dimen115
)
("C:\Users\Frank Murphy\AppData\Local\Programs\MiKTeX 2.9\tex\latex\amsfonts\am
ssymb.sty"
Package: amssymb 2013/01/14 v3.01 AMS font symbols
)
("C:\Users\Frank Murphy\AppData\Local\Programs\MiKTeX 2.9\tex\generic\babel\bab
el.sty"
Package: babel 2018/02/14 3.18 The Babel package

("C:\Users\Frank Murphy\AppData\Local\Programs\MiKTeX 2.9\tex\generic\babel\swi
tch.def"
File: switch.def 2018/02/14 3.18 Babel switching mechanism
)
*************************************
* Local config file bblopts.cfg used
*

("C:\Users\Frank Murphy\AppData\Local\Programs\MiKTeX 2.9\tex\latex\arabi\bblop
ts.cfg"
File: bblopts.cfg 2005/09/08 v0.1 add Arabic and Farsi to "declared" options of
 babel
)
("C:\Users\Frank Murphy\AppData\Local\Programs\MiKTeX 2.9\tex\latex\babel-engli
sh\english.ldf"
Language: english 2017/06/06 v3.3r English support from the babel system

("C:\Users\Frank Murphy\AppData\Local\Programs\MiKTeX 2.9\tex\generic\babel\bab
el.def"
File: babel.def 2018/02/14 3.18 Babel common definitions
\babel@savecnt=\count100
\U@D=\dimen116

("C:\Users\Frank Murphy\AppData\Local\Programs\MiKTeX 2.9\tex\generic\babel\txt
babel.def")
\bbl@dirlevel=\count101
)
\l@canadian = a dialect from \language\l@american 
\l@australian = a dialect from \language\l@british 
\l@newzealand = a dialect from \language\l@british 
))
("C:\Users\Frank Murphy\AppData\Local\Programs\MiKTeX 2.9\tex\latex\tikz-cd\tik
z-cd.sty"
Package: tikz-cd 2014/10/30 v0.9e Commutative diagrams with tikz

("C:\Users\Frank Murphy\AppData\Local\Programs\MiKTeX 2.9\tex\latex\pgf\fronten
dlayer\tikz.sty"
("C:\Users\Frank Murphy\AppData\Local\Programs\MiKTeX 2.9\tex\latex\pgf\basicla
yer\pgf.sty"
("C:\Users\Frank Murphy\AppData\Local\Programs\MiKTeX 2.9\tex\latex\pgf\utiliti
es\pgfrcs.sty"
("C:\Users\Frank Murphy\AppData\Local\Programs\MiKTeX 2.9\tex\generic\pgf\utili
ties\pgfutil-common.tex"
\pgfutil@everybye=\toks26
\pgfutil@tempdima=\dimen117
\pgfutil@tempdimb=\dimen118

("C:\Users\Frank Murphy\AppData\Local\Programs\MiKTeX 2.9\tex\generic\pgf\utili
ties\pgfutil-common-lists.tex"))
("C:\Users\Frank Murphy\AppData\Local\Programs\MiKTeX 2.9\tex\generic\pgf\utili
ties\pgfutil-latex.def"
\pgfutil@abb=\box29

("C:\Users\Frank Murphy\AppData\Local\Programs\MiKTeX 2.9\tex\latex\ms\everyshi
.sty"
Package: everyshi 2001/05/15 v3.00 EveryShipout Package (MS)
))
("C:\Users\Frank Murphy\AppData\Local\Programs\MiKTeX 2.9\tex\generic\pgf\utili
ties\pgfrcs.code.tex"
Package: pgfrcs 2015/08/07 v3.0.1a (rcs-revision 1.31)
))
Package: pgf 2015/08/07 v3.0.1a (rcs-revision 1.15)

("C:\Users\Frank Murphy\AppData\Local\Programs\MiKTeX 2.9\tex\latex\pgf\basicla
yer\pgfcore.sty"
("C:\Users\Frank Murphy\AppData\Local\Programs\MiKTeX 2.9\tex\latex\pgf\systeml
ayer\pgfsys.sty"
("C:\Users\Frank Murphy\AppData\Local\Programs\MiKTeX 2.9\tex\generic\pgf\syste
mlayer\pgfsys.code.tex"
Package: pgfsys 2014/07/09 v3.0.1a (rcs-revision 1.48)

("C:\Users\Frank Murphy\AppData\Local\Programs\MiKTeX 2.9\tex\generic\pgf\utili
ties\pgfkeys.code.tex"
\pgfkeys@pathtoks=\toks27
\pgfkeys@temptoks=\toks28

("C:\Users\Frank Murphy\AppData\Local\Programs\MiKTeX 2.9\tex\generic\pgf\utili
ties\pgfkeysfiltered.code.tex"
\pgfkeys@tmptoks=\toks29
))
\pgf@x=\dimen119
\pgf@y=\dimen120
\pgf@xa=\dimen121
\pgf@ya=\dimen122
\pgf@xb=\dimen123
\pgf@yb=\dimen124
\pgf@xc=\dimen125
\pgf@yc=\dimen126
\w@pgf@writea=\write3
\r@pgf@reada=\read1
\c@pgf@counta=\count102
\c@pgf@countb=\count103
\c@pgf@countc=\count104
\c@pgf@countd=\count105
\t@pgf@toka=\toks30
\t@pgf@tokb=\toks31
\t@pgf@tokc=\toks32

("C:\Users\Frank Murphy\AppData\Local\Programs\MiKTeX 2.9\tex\generic\pgf\syste
mlayer\pgf.cfg"
File: pgf.cfg 2008/05/14  (rcs-revision 1.7)
)
Driver file for pgf: pgfsys-pdftex.def

("C:\Users\Frank Murphy\AppData\Local\Programs\MiKTeX 2.9\tex\generic\pgf\syste
mlayer\pgfsys-pdftex.def"
File: pgfsys-pdftex.def 2014/10/11  (rcs-revision 1.35)

("C:\Users\Frank Murphy\AppData\Local\Programs\MiKTeX 2.9\tex\generic\pgf\syste
mlayer\pgfsys-common-pdf.def"
File: pgfsys-common-pdf.def 2013/10/10  (rcs-revision 1.13)
)))
("C:\Users\Frank Murphy\AppData\Local\Programs\MiKTeX 2.9\tex\generic\pgf\syste
mlayer\pgfsyssoftpath.code.tex"
File: pgfsyssoftpath.code.tex 2013/09/09  (rcs-revision 1.9)
\pgfsyssoftpath@smallbuffer@items=\count106
\pgfsyssoftpath@bigbuffer@items=\count107
)
("C:\Users\Frank Murphy\AppData\Local\Programs\MiKTeX 2.9\tex\generic\pgf\syste
mlayer\pgfsysprotocol.code.tex"
File: pgfsysprotocol.code.tex 2006/10/16  (rcs-revision 1.4)
))
("C:\Users\Frank Murphy\AppData\Local\Programs\MiKTeX 2.9\tex\latex\xcolor\xcol
or.sty"
Package: xcolor 2016/05/11 v2.12 LaTeX color extensions (UK)

("C:\Users\Frank Murphy\AppData\Local\Programs\MiKTeX 2.9\tex\latex\graphics-cf
g\color.cfg"
File: color.cfg 2016/01/02 v1.6 sample color configuration
)
Package xcolor Info: Driver file: pdftex.def on input line 225.
Package xcolor Info: Model `cmy' substituted by `cmy0' on input line 1348.
Package xcolor Info: Model `hsb' substituted by `rgb' on input line 1352.
Package xcolor Info: Model `RGB' extended on input line 1364.
Package xcolor Info: Model `HTML' substituted by `rgb' on input line 1366.
Package xcolor Info: Model `Hsb' substituted by `hsb' on input line 1367.
Package xcolor Info: Model `tHsb' substituted by `hsb' on input line 1368.
Package xcolor Info: Model `HSB' substituted by `hsb' on input line 1369.
Package xcolor Info: Model `Gray' substituted by `gray' on input line 1370.
Package xcolor Info: Model `wave' substituted by `hsb' on input line 1371.
)
("C:\Users\Frank Murphy\AppData\Local\Programs\MiKTeX 2.9\tex\generic\pgf\basic
layer\pgfcore.code.tex"
Package: pgfcore 2010/04/11 v3.0.1a (rcs-revision 1.7)

("C:\Users\Frank Murphy\AppData\Local\Programs\MiKTeX 2.9\tex\generic\pgf\math\
pgfmath.code.tex"
("C:\Users\Frank Murphy\AppData\Local\Programs\MiKTeX 2.9\tex\generic\pgf\math\
pgfmathcalc.code.tex"
("C:\Users\Frank Murphy\AppData\Local\Programs\MiKTeX 2.9\tex\generic\pgf\math\
pgfmathutil.code.tex")
("C:\Users\Frank Murphy\AppData\Local\Programs\MiKTeX 2.9\tex\generic\pgf\math\
pgfmathparser.code.tex"
\pgfmath@dimen=\dimen127
\pgfmath@count=\count108
\pgfmath@box=\box30
\pgfmath@toks=\toks33
\pgfmath@stack@operand=\toks34
\pgfmath@stack@operation=\toks35
)
("C:\Users\Frank Murphy\AppData\Local\Programs\MiKTeX 2.9\tex\generic\pgf\math\
pgfmathfunctions.code.tex"
("C:\Users\Frank Murphy\AppData\Local\Programs\MiKTeX 2.9\tex\generic\pgf\math\
pgfmathfunctions.basic.code.tex")
("C:\Users\Frank Murphy\AppData\Local\Programs\MiKTeX 2.9\tex\generic\pgf\math\
pgfmathfunctions.trigonometric.code.tex")
("C:\Users\Frank Murphy\AppData\Local\Programs\MiKTeX 2.9\tex\generic\pgf\math\
pgfmathfunctions.random.code.tex")
("C:\Users\Frank Murphy\AppData\Local\Programs\MiKTeX 2.9\tex\generic\pgf\math\
pgfmathfunctions.comparison.code.tex")
("C:\Users\Frank Murphy\AppData\Local\Programs\MiKTeX 2.9\tex\generic\pgf\math\
pgfmathfunctions.base.code.tex")
("C:\Users\Frank Murphy\AppData\Local\Programs\MiKTeX 2.9\tex\generic\pgf\math\
pgfmathfunctions.round.code.tex")
("C:\Users\Frank Murphy\AppData\Local\Programs\MiKTeX 2.9\tex\generic\pgf\math\
pgfmathfunctions.misc.code.tex")
("C:\Users\Frank Murphy\AppData\Local\Programs\MiKTeX 2.9\tex\generic\pgf\math\
pgfmathfunctions.integerarithmetics.code.tex")))
("C:\Users\Frank Murphy\AppData\Local\Programs\MiKTeX 2.9\tex\generic\pgf\math\
pgfmathfloat.code.tex"
\c@pgfmathroundto@lastzeros=\count109
))
("C:\Users\Frank Murphy\AppData\Local\Programs\MiKTeX 2.9\tex\generic\pgf\basic
layer\pgfcorepoints.code.tex"
File: pgfcorepoints.code.tex 2013/10/07  (rcs-revision 1.27)
\pgf@picminx=\dimen128
\pgf@picmaxx=\dimen129
\pgf@picminy=\dimen130
\pgf@picmaxy=\dimen131
\pgf@pathminx=\dimen132
\pgf@pathmaxx=\dimen133
\pgf@pathminy=\dimen134
\pgf@pathmaxy=\dimen135
\pgf@xx=\dimen136
\pgf@xy=\dimen137
\pgf@yx=\dimen138
\pgf@yy=\dimen139
\pgf@zx=\dimen140
\pgf@zy=\dimen141
)
("C:\Users\Frank Murphy\AppData\Local\Programs\MiKTeX 2.9\tex\generic\pgf\basic
layer\pgfcorepathconstruct.code.tex"
File: pgfcorepathconstruct.code.tex 2013/10/07  (rcs-revision 1.29)
\pgf@path@lastx=\dimen142
\pgf@path@lasty=\dimen143
)
("C:\Users\Frank Murphy\AppData\Local\Programs\MiKTeX 2.9\tex\generic\pgf\basic
layer\pgfcorepathusage.code.tex"
File: pgfcorepathusage.code.tex 2014/11/02  (rcs-revision 1.24)
\pgf@shorten@end@additional=\dimen144
\pgf@shorten@start@additional=\dimen145
)
("C:\Users\Frank Murphy\AppData\Local\Programs\MiKTeX 2.9\tex\generic\pgf\basic
layer\pgfcorescopes.code.tex"
File: pgfcorescopes.code.tex 2015/05/08  (rcs-revision 1.46)
\pgfpic=\box31
\pgf@hbox=\box32
\pgf@layerbox@main=\box33
\pgf@picture@serial@count=\count110
)
("C:\Users\Frank Murphy\AppData\Local\Programs\MiKTeX 2.9\tex\generic\pgf\basic
layer\pgfcoregraphicstate.code.tex"
File: pgfcoregraphicstate.code.tex 2014/11/02  (rcs-revision 1.12)
\pgflinewidth=\dimen146
)
("C:\Users\Frank Murphy\AppData\Local\Programs\MiKTeX 2.9\tex\generic\pgf\basic
layer\pgfcoretransformations.code.tex"
File: pgfcoretransformations.code.tex 2015/08/07  (rcs-revision 1.20)
\pgf@pt@x=\dimen147
\pgf@pt@y=\dimen148
\pgf@pt@temp=\dimen149
)
("C:\Users\Frank Murphy\AppData\Local\Programs\MiKTeX 2.9\tex\generic\pgf\basic
layer\pgfcorequick.code.tex"
File: pgfcorequick.code.tex 2008/10/09  (rcs-revision 1.3)
)
("C:\Users\Frank Murphy\AppData\Local\Programs\MiKTeX 2.9\tex\generic\pgf\basic
layer\pgfcoreobjects.code.tex"
File: pgfcoreobjects.code.tex 2006/10/11  (rcs-revision 1.2)
)
("C:\Users\Frank Murphy\AppData\Local\Programs\MiKTeX 2.9\tex\generic\pgf\basic
layer\pgfcorepathprocessing.code.tex"
File: pgfcorepathprocessing.code.tex 2013/09/09  (rcs-revision 1.9)
)
("C:\Users\Frank Murphy\AppData\Local\Programs\MiKTeX 2.9\tex\generic\pgf\basic
layer\pgfcorearrows.code.tex"
File: pgfcorearrows.code.tex 2015/05/14  (rcs-revision 1.43)
\pgfarrowsep=\dimen150
)
("C:\Users\Frank Murphy\AppData\Local\Programs\MiKTeX 2.9\tex\generic\pgf\basic
layer\pgfcoreshade.code.tex"
File: pgfcoreshade.code.tex 2013/07/15  (rcs-revision 1.15)
\pgf@max=\dimen151
\pgf@sys@shading@range@num=\count111
)
("C:\Users\Frank Murphy\AppData\Local\Programs\MiKTeX 2.9\tex\generic\pgf\basic
layer\pgfcoreimage.code.tex"
File: pgfcoreimage.code.tex 2013/07/15  (rcs-revision 1.18)

("C:\Users\Frank Murphy\AppData\Local\Programs\MiKTeX 2.9\tex\generic\pgf\basic
layer\pgfcoreexternal.code.tex"
File: pgfcoreexternal.code.tex 2014/07/09  (rcs-revision 1.21)
\pgfexternal@startupbox=\box34
))
("C:\Users\Frank Murphy\AppData\Local\Programs\MiKTeX 2.9\tex\generic\pgf\basic
layer\pgfcorelayers.code.tex"
File: pgfcorelayers.code.tex 2013/07/18  (rcs-revision 1.7)
)
("C:\Users\Frank Murphy\AppData\Local\Programs\MiKTeX 2.9\tex\generic\pgf\basic
layer\pgfcoretransparency.code.tex"
File: pgfcoretransparency.code.tex 2013/09/30  (rcs-revision 1.5)
)
("C:\Users\Frank Murphy\AppData\Local\Programs\MiKTeX 2.9\tex\generic\pgf\basic
layer\pgfcorepatterns.code.tex"
File: pgfcorepatterns.code.tex 2013/11/07  (rcs-revision 1.5)
)))
("C:\Users\Frank Murphy\AppData\Local\Programs\MiKTeX 2.9\tex\generic\pgf\modul
es\pgfmoduleshapes.code.tex"
File: pgfmoduleshapes.code.tex 2014/03/21  (rcs-revision 1.35)
\pgfnodeparttextbox=\box35
)
("C:\Users\Frank Murphy\AppData\Local\Programs\MiKTeX 2.9\tex\generic\pgf\modul
es\pgfmoduleplot.code.tex"
File: pgfmoduleplot.code.tex 2015/08/03  (rcs-revision 1.13)
)
("C:\Users\Frank Murphy\AppData\Local\Programs\MiKTeX 2.9\tex\latex\pgf\compati
bility\pgfcomp-version-0-65.sty"
Package: pgfcomp-version-0-65 2007/07/03 v3.0.1a (rcs-revision 1.7)
\pgf@nodesepstart=\dimen152
\pgf@nodesepend=\dimen153
)
("C:\Users\Frank Murphy\AppData\Local\Programs\MiKTeX 2.9\tex\latex\pgf\compati
bility\pgfcomp-version-1-18.sty"
Package: pgfcomp-version-1-18 2007/07/23 v3.0.1a (rcs-revision 1.1)
))
("C:\Users\Frank Murphy\AppData\Local\Programs\MiKTeX 2.9\tex\latex\pgf\utiliti
es\pgffor.sty"
("C:\Users\Frank Murphy\AppData\Local\Programs\MiKTeX 2.9\tex\latex\pgf\utiliti
es\pgfkeys.sty"
("C:\Users\Frank Murphy\AppData\Local\Programs\MiKTeX 2.9\tex\generic\pgf\utili
ties\pgfkeys.code.tex"))
("C:\Users\Frank Murphy\AppData\Local\Programs\MiKTeX 2.9\tex\latex\pgf\math\pg
fmath.sty"
("C:\Users\Frank Murphy\AppData\Local\Programs\MiKTeX 2.9\tex\generic\pgf\math\
pgfmath.code.tex"))
("C:\Users\Frank Murphy\AppData\Local\Programs\MiKTeX 2.9\tex\generic\pgf\utili
ties\pgffor.code.tex"
Package: pgffor 2013/12/13 v3.0.1a (rcs-revision 1.25)

("C:\Users\Frank Murphy\AppData\Local\Programs\MiKTeX 2.9\tex\generic\pgf\math\
pgfmath.code.tex")
\pgffor@iter=\dimen154
\pgffor@skip=\dimen155
\pgffor@stack=\toks36
\pgffor@toks=\toks37
))
("C:\Users\Frank Murphy\AppData\Local\Programs\MiKTeX 2.9\tex\generic\pgf\front
endlayer\tikz\tikz.code.tex"
Package: tikz 2015/08/07 v3.0.1a (rcs-revision 1.151)

("C:\Users\Frank Murphy\AppData\Local\Programs\MiKTeX 2.9\tex\generic\pgf\libra
ries\pgflibraryplothandlers.code.tex"
File: pgflibraryplothandlers.code.tex 2013/08/31 v3.0.1a (rcs-revision 1.20)
\pgf@plot@mark@count=\count112
\pgfplotmarksize=\dimen156
)
\tikz@lastx=\dimen157
\tikz@lasty=\dimen158
\tikz@lastxsaved=\dimen159
\tikz@lastysaved=\dimen160
\tikzleveldistance=\dimen161
\tikzsiblingdistance=\dimen162
\tikz@figbox=\box36
\tikz@figbox@bg=\box37
\tikz@tempbox=\box38
\tikz@tempbox@bg=\box39
\tikztreelevel=\count113
\tikznumberofchildren=\count114
\tikznumberofcurrentchild=\count115
\tikz@fig@count=\count116

("C:\Users\Frank Murphy\AppData\Local\Programs\MiKTeX 2.9\tex\generic\pgf\modul
es\pgfmodulematrix.code.tex"
File: pgfmodulematrix.code.tex 2013/09/17  (rcs-revision 1.8)
\pgfmatrixcurrentrow=\count117
\pgfmatrixcurrentcolumn=\count118
\pgf@matrix@numberofcolumns=\count119
)
\tikz@expandcount=\count120

("C:\Users\Frank Murphy\AppData\Local\Programs\MiKTeX 2.9\tex\generic\pgf\front
endlayer\tikz\libraries\tikzlibrarytopaths.code.tex"
File: tikzlibrarytopaths.code.tex 2008/06/17 v3.0.1a (rcs-revision 1.2)
)))
("C:\Users\Frank Murphy\AppData\Local\Programs\MiKTeX 2.9\tex\generic\tikz-cd\t
ikzlibrarycd.code.tex"
("C:\Users\Frank Murphy\AppData\Local\Programs\MiKTeX 2.9\tex\generic\pgf\front
endlayer\tikz\libraries\tikzlibrarymatrix.code.tex"
File: tikzlibrarymatrix.code.tex 2013/07/12 v3.0.1a (rcs-revision 1.4)
)
("C:\Users\Frank Murphy\AppData\Local\Programs\MiKTeX 2.9\tex\generic\pgf\front
endlayer\tikz\libraries\tikzlibraryquotes.code.tex"
File: tikzlibraryquotes.code.tex 2014/03/21 v3.0.1a (rcs-revision 1.4)
)
("C:\Users\Frank Murphy\AppData\Local\Programs\MiKTeX 2.9\tex\generic\pgf\libra
ries\pgflibraryarrows.meta.code.tex"
File: pgflibraryarrows.meta.code.tex 2015/05/13 v3.0.1a (rcs-revision 1.13)
\pgfarrowinset=\dimen163
\pgfarrowlength=\dimen164
\pgfarrowwidth=\dimen165
\pgfarrowlinewidth=\dimen166
)))
("C:\Users\Frank Murphy\AppData\Local\Programs\MiKTeX 2.9\tex\latex\hyperref\hy
perref.sty"
Package: hyperref 2018/02/06 v6.86b Hypertext links for LaTeX

("C:\Users\Frank Murphy\AppData\Local\Programs\MiKTeX 2.9\tex\generic\oberdiek\
hobsub-hyperref.sty"
Package: hobsub-hyperref 2016/05/16 v1.14 Bundle oberdiek, subset hyperref (HO)


("C:\Users\Frank Murphy\AppData\Local\Programs\MiKTeX 2.9\tex\generic\oberdiek\
hobsub-generic.sty"
Package: hobsub-generic 2016/05/16 v1.14 Bundle oberdiek, subset generic (HO)
Package: hobsub 2016/05/16 v1.14 Construct package bundles (HO)
Package: infwarerr 2016/05/16 v1.4 Providing info/warning/error messages (HO)
Package: ltxcmds 2016/05/16 v1.23 LaTeX kernel commands for general use (HO)
Package: ifluatex 2016/05/16 v1.4 Provides the ifluatex switch (HO)
Package ifluatex Info: LuaTeX not detected.
Package: ifvtex 2016/05/16 v1.6 Detect VTeX and its facilities (HO)
Package ifvtex Info: VTeX not detected.
Package: intcalc 2016/05/16 v1.2 Expandable calculations with integers (HO)
Package: ifpdf 2017/03/15 v3.2 Provides the ifpdf switch
Package: etexcmds 2016/05/16 v1.6 Avoid name clashes with e-TeX commands (HO)
Package etexcmds Info: Could not find \expanded.
(etexcmds)             That can mean that you are not using pdfTeX 1.50 or
(etexcmds)             that some package has redefined \expanded.
(etexcmds)             In the latter case, load this package earlier.
Package: kvsetkeys 2016/05/16 v1.17 Key value parser (HO)
Package: kvdefinekeys 2016/05/16 v1.4 Define keys (HO)
Package: pdftexcmds 2018/01/21 v0.26 Utility functions of pdfTeX for LuaTeX (HO
)
Package pdftexcmds Info: LuaTeX not detected.
Package pdftexcmds Info: \pdf@primitive is available.
Package pdftexcmds Info: \pdf@ifprimitive is available.
Package pdftexcmds Info: \pdfdraftmode found.
Package: pdfescape 2016/05/16 v1.14 Implements pdfTeX's escape features (HO)
Package: bigintcalc 2016/05/16 v1.4 Expandable calculations on big integers (HO
)
Package: bitset 2016/05/16 v1.2 Handle bit-vector datatype (HO)
Package: uniquecounter 2016/05/16 v1.3 Provide unlimited unique counter (HO)
)
Package hobsub Info: Skipping package `hobsub' (already loaded).
Package: letltxmacro 2016/05/16 v1.5 Let assignment for LaTeX macros (HO)
Package: hopatch 2016/05/16 v1.3 Wrapper for package hooks (HO)
Package: xcolor-patch 2016/05/16 xcolor patch
Package: atveryend 2016/05/16 v1.9 Hooks at the very end of document (HO)
Package atveryend Info: \enddocument detected (standard20110627).
Package: atbegshi 2016/06/09 v1.18 At begin shipout hook (HO)
Package: refcount 2016/05/16 v3.5 Data extraction from label references (HO)
Package: hycolor 2016/05/16 v1.8 Color options for hyperref/bookmark (HO)
)
("C:\Users\Frank Murphy\AppData\Local\Programs\MiKTeX 2.9\tex\generic\ifxetex\i
fxetex.sty"
Package: ifxetex 2010/09/12 v0.6 Provides ifxetex conditional
)
("C:\Users\Frank Murphy\AppData\Local\Programs\MiKTeX 2.9\tex\latex\oberdiek\au
xhook.sty"
Package: auxhook 2016/05/16 v1.4 Hooks for auxiliary files (HO)
)
("C:\Users\Frank Murphy\AppData\Local\Programs\MiKTeX 2.9\tex\latex\oberdiek\kv
options.sty"
Package: kvoptions 2016/05/16 v3.12 Key value format for package options (HO)
)
\@linkdim=\dimen167
\Hy@linkcounter=\count121
\Hy@pagecounter=\count122

("C:\Users\Frank Murphy\AppData\Local\Programs\MiKTeX 2.9\tex\latex\hyperref\pd
1enc.def"
File: pd1enc.def 2018/02/06 v6.86b Hyperref: PDFDocEncoding definition (HO)
)
\Hy@SavedSpaceFactor=\count123

("C:\Users\Frank Murphy\AppData\Local\Programs\MiKTeX 2.9\tex\latex\00miktex\hy
perref.cfg"
File: hyperref.cfg 2002/06/06 v1.2 hyperref configuration of TeXLive
)
Package hyperref Info: Hyper figures OFF on input line 4509.
Package hyperref Info: Link nesting OFF on input line 4514.
Package hyperref Info: Hyper index ON on input line 4517.
Package hyperref Info: Plain pages OFF on input line 4524.
Package hyperref Info: Backreferencing OFF on input line 4529.
Package hyperref Info: Implicit mode ON; LaTeX internals redefined.
Package hyperref Info: Bookmarks ON on input line 4762.
\c@Hy@tempcnt=\count124

("C:\Users\Frank Murphy\AppData\Local\Programs\MiKTeX 2.9\tex\latex\url\url.sty
"
\Urlmuskip=\muskip11
Package: url 2013/09/16  ver 3.4  Verb mode for urls, etc.
)
LaTeX Info: Redefining \url on input line 5115.
\XeTeXLinkMargin=\dimen168
\Fld@menulength=\count125
\Field@Width=\dimen169
\Fld@charsize=\dimen170
Package hyperref Info: Hyper figures OFF on input line 6369.
Package hyperref Info: Link nesting OFF on input line 6374.
Package hyperref Info: Hyper index ON on input line 6377.
Package hyperref Info: backreferencing OFF on input line 6384.
Package hyperref Info: Link coloring OFF on input line 6389.
Package hyperref Info: Link coloring with OCG OFF on input line 6394.
Package hyperref Info: PDF/A mode OFF on input line 6399.
LaTeX Info: Redefining \ref on input line 6439.
LaTeX Info: Redefining \pageref on input line 6443.
\Hy@abspage=\count126
\c@Item=\count127
\c@Hfootnote=\count128
)
Package hyperref Info: Driver (autodetected): hpdftex.

("C:\Users\Frank Murphy\AppData\Local\Programs\MiKTeX 2.9\tex\latex\hyperref\hp
dftex.def"
File: hpdftex.def 2018/02/06 v6.86b Hyperref driver for pdfTeX
\Fld@listcount=\count129
\c@bookmark@seq@number=\count130

("C:\Users\Frank Murphy\AppData\Local\Programs\MiKTeX 2.9\tex\latex\oberdiek\re
runfilecheck.sty"
Package: rerunfilecheck 2016/05/16 v1.8 Rerun checks for auxiliary files (HO)
Package uniquecounter Info: New unique counter `rerunfilecheck' on input line 2
82.
)
\Hy@SectionHShift=\skip51
)
("C:\Users\Frank Murphy\AppData\Local\Programs\MiKTeX 2.9\tex\latex\tools\enume
rate.sty"
Package: enumerate 2015/07/23 v3.00 enumerate extensions (DPC)
\@enLab=\toks38
)
\c@theorem=\count131
\c@lemma=\count132
\c@proposition=\count133
\c@corollary=\count134
\c@definition=\count135
\c@observation=\count136
\c@example=\count137

No file "Simplical Coverings".aux.
\openout1 = `"Simplical Coverings.aux"'.

LaTeX Font Info:    Checking defaults for OML/cmm/m/it on input line 28.
LaTeX Font Info:    ... okay on input line 28.
LaTeX Font Info:    Checking defaults for T1/cmr/m/n on input line 28.
LaTeX Font Info:    ... okay on input line 28.
LaTeX Font Info:    Checking defaults for OT1/cmr/m/n on input line 28.
LaTeX Font Info:    ... okay on input line 28.
LaTeX Font Info:    Checking defaults for OMS/cmsy/m/n on input line 28.
LaTeX Font Info:    ... okay on input line 28.
LaTeX Font Info:    Checking defaults for OMX/cmex/m/n on input line 28.
LaTeX Font Info:    ... okay on input line 28.
LaTeX Font Info:    Checking defaults for U/cmr/m/n on input line 28.
LaTeX Font Info:    ... okay on input line 28.
LaTeX Font Info:    Checking defaults for PD1/pdf/m/n on input line 28.
LaTeX Font Info:    ... okay on input line 28.
LaTeX Font Info:    Try loading font information for U+msa on input line 28.

("C:\Users\Frank Murphy\AppData\Local\Programs\MiKTeX 2.9\tex\latex\amsfonts\um
sa.fd"
File: umsa.fd 2013/01/14 v3.01 AMS symbols A
)
LaTeX Font Info:    Try loading font information for U+msb on input line 28.

("C:\Users\Frank Murphy\AppData\Local\Programs\MiKTeX 2.9\tex\latex\amsfonts\um
sb.fd"
File: umsb.fd 2013/01/14 v3.01 AMS symbols B
)
("C:\Users\Frank Murphy\AppData\Local\Programs\MiKTeX 2.9\tex\context\base\supp
-pdf.mkii"
[Loading MPS to PDF converter (version 2006.09.02).]
\scratchcounter=\count138
\scratchdimen=\dimen171
\scratchbox=\box40
\nofMPsegments=\count139
\nofMParguments=\count140
\everyMPshowfont=\toks39
\MPscratchCnt=\count141
\MPscratchDim=\dimen172
\MPnumerator=\count142
\makeMPintoPDFobject=\count143
\everyMPtoPDFconversion=\toks40
)
("C:\Users\Frank Murphy\AppData\Local\Programs\MiKTeX 2.9\tex\latex\oberdiek\ep
stopdf-base.sty"
Package: epstopdf-base 2016/05/15 v2.6 Base part for package epstopdf

("C:\Users\Frank Murphy\AppData\Local\Programs\MiKTeX 2.9\tex\latex\oberdiek\gr
fext.sty"
Package: grfext 2016/05/16 v1.2 Manage graphics extensions (HO)
)
Package epstopdf-base Info: Redefining graphics rule for `.eps' on input line 4
38.
Package grfext Info: Graphics extension search list:
(grfext)             [.pdf,.png,.jpg,.mps,.jpeg,.jbig2,.jb2,.PDF,.PNG,.JPG,.JPE
G,.JBIG2,.JB2,.eps]
(grfext)             \AppendGraphicsExtensions on input line 456.
) ABD: EveryShipout initializing macros
\AtBeginShipoutBox=\box41
Package hyperref Info: Link coloring OFF on input line 28.

("C:\Users\Frank Murphy\AppData\Local\Programs\MiKTeX 2.9\tex\latex\hyperref\na
meref.sty"
Package: nameref 2016/05/21 v2.44 Cross-referencing by name of section

("C:\Users\Frank Murphy\AppData\Local\Programs\MiKTeX 2.9\tex\generic\oberdiek\
gettitlestring.sty"
Package: gettitlestring 2016/05/16 v1.5 Cleanup title references (HO)
)
\c@section@level=\count144
)
LaTeX Info: Redefining \ref on input line 28.
LaTeX Info: Redefining \pageref on input line 28.
LaTeX Info: Redefining \nameref on input line 28.
\@outlinefile=\write4
\openout4 = `"Simplical Coverings.out"'.



LaTeX Warning: Citation `weil1960discrete' on page 1 undefined on input line 55
.


LaTeX Warning: Citation `singer2015lecture' on page 1 undefined on input line 5
6.


LaTeX Warning: Citation `rotman1973covering' on page 1 undefined on input line 
58.


LaTeX Warning: Citation `abello1991complexity' on page 1 undefined on input lin
e 58.


LaTeX Warning: Citation `may1999concise' on page 1 undefined on input line 64.


LaTeX Warning: Citation `rotman2013introduction' on page 1 undefined on input l
ine 64.

[1{C:/Users/Frank Murphy/AppData/Local/MiKTeX/2.9/pdftex/config/pdftex.map}]

LaTeX Warning: Citation `singer2015lecture' on page 2 undefined on input line 7
7.


LaTeX Warning: Citation `spanier1989algebraic' on page 2 undefined on input lin
e 77.


LaTeX Warning: Citation `rotman1973covering' on page 2 undefined on input line 
90.

[2]
No file "Simplical Coverings".bbl.
[3]
Package atveryend Info: Empty hook `BeforeClearDocument' on input line 194.
Package atveryend Info: Empty hook `AfterLastShipout' on input line 194.
 ("Simplical Coverings.aux")
Package atveryend Info: Executing hook `AtVeryEndDocument' on input line 194.
Package atveryend Info: Executing hook `AtEndAfterFileList' on input line 194.


Package rerunfilecheck Warning: File `"Simplical Coverings".out' has changed.
(rerunfilecheck)                Rerun to get outlines right
(rerunfilecheck)                or use package `bookmark'.

Package rerunfilecheck Info: Checksums for `"Simplical Coverings".out':
(rerunfilecheck)             Before: <no file>
(rerunfilecheck)             After:  9812143C22A5F5C3DC0673A2342E1589;344.

LaTeX Warning: There were undefined references.


LaTeX Warning: Label(s) may have changed. Rerun to get cross-references right.

Package atveryend Info: Empty hook `AtVeryVeryEnd' on input line 194.
 ) 
Here is how much of TeX's memory you used:
 17807 strings out of 493305
 345000 string characters out of 3126755
 507462 words of memory out of 3000000
 20886 multiletter control sequences out of 15000+200000
 10215 words of font info for 40 fonts, out of 3000000 for 9000
 1302 hyphenation exceptions out of 8191
 61i,7n,82p,1459b,436s stack positions out of 5000i,500n,10000p,200000b,50000s
<C:/Users/Frank Murphy/AppData/Local/Programs/MiKTeX 2.9/fonts/type1/public/a
msfonts/cm/cmbx10.pfb><C:/Users/Frank Murphy/AppData/Local/Programs/MiKTeX 2.9/
fonts/type1/public/amsfonts/cm/cmcsc10.pfb><C:/Users/Frank Murphy/AppData/Local
/Programs/MiKTeX 2.9/fonts/type1/public/amsfonts/cm/cmex10.pfb><C:/Users/Frank 
Murphy/AppData/Local/Programs/MiKTeX 2.9/fonts/type1/public/amsfonts/cm/cmmi10.
pfb><C:/Users/Frank Murphy/AppData/Local/Programs/MiKTeX 2.9/fonts/type1/public
/amsfonts/cm/cmmi5.pfb><C:/Users/Frank Murphy/AppData/Local/Programs/MiKTeX 2.9
/fonts/type1/public/amsfonts/cm/cmmi7.pfb><C:/Users/Frank Murphy/AppData/Local/
Programs/MiKTeX 2.9/fonts/type1/public/amsfonts/cm/cmr10.pfb><C:/Users/Frank Mu
rphy/AppData/Local/Programs/MiKTeX 2.9/fonts/type1/public/amsfonts/cm/cmr7.pfb>
<C:/Users/Frank Murphy/AppData/Local/Programs/MiKTeX 2.9/fonts/type1/public/ams
fonts/cm/cmr8.pfb><C:/Users/Frank Murphy/AppData/Local/Programs/MiKTeX 2.9/font
s/type1/public/amsfonts/cm/cmsy10.pfb><C:/Users/Frank Murphy/AppData/Local/Prog
rams/MiKTeX 2.9/fonts/type1/public/amsfonts/cm/cmsy7.pfb><C:/Users/Frank Murphy
/AppData/Local/Programs/MiKTeX 2.9/fonts/type1/public/amsfonts/cm/cmti10.pfb><C
:/Users/Frank Murphy/AppData/Local/Programs/MiKTeX 2.9/fonts/type1/public/amsfo
nts/cm/cmti8.pfb><C:/Users/Frank Murphy/AppData/Local/Programs/MiKTeX 2.9/fonts
/type1/public/amsfonts/cm/cmtt8.pfb><C:/Users/Frank Murphy/AppData/Local/Progra
ms/MiKTeX 2.9/fonts/type1/public/amsfonts/symbols/msam10.pfb><C:/Users/Frank Mu
rphy/AppData/Local/Programs/MiKTeX 2.9/fonts/type1/public/amsfonts/symbols/msbm
10.pfb>
Output written on "Simplical Coverings.pdf" (3 pages, 211445 bytes).
PDF statistics:
 107 PDF objects out of 1000 (max. 8388607)
 21 named destinations out of 1000 (max. 500000)
 13 words of extra memory for PDF output out of 10000 (max. 10000000)

